<?xml version="1.0" encoding="UTF-8"?>
<!-- Generated by org.testng.reporters.JUnitReportReporter -->
<testsuite skipped="0" hostname="IN2070121W2" name="com.qa.test.LoginTest" tests="1" failures="0" timestamp="27 Feb 2019 07:25:58 GMT" time="32.875" errors="0">
  <testcase name="loginTestScenario" time="32.875" classname="com.qa.test.LoginTest"/>
</testsuite> <!-- com.qa.test.LoginTest -->
