<?xml version="1.0" encoding="UTF-8"?>
<!-- Generated by org.testng.reporters.JUnitReportReporter -->
<testsuite skipped="0" hostname="IN2070121W2" name="com.qa.test.LoginTest" tests="1" failures="0" timestamp="24 Feb 2019 13:31:28 GMT" time="39.232" errors="0">
  <testcase name="loginTestScenario" time="39.232" classname="com.qa.test.LoginTest"/>
</testsuite> <!-- com.qa.test.LoginTest -->
